# JRE version: OpenJDK Runtime Environment Temurin-17.0.3+7 (17.0.3+7) (build 17.0.3+7)
# Java VM: OpenJDK 64-Bit Server VM Temurin-17.0.3+7 (17.0.3+7, mixed mode, emulated-client, tiered, compressed oops, compressed class ptrs, g1 gc, windows-amd64)
GC Precious Log:
 CPUs: 4 total, 4 available
 Memory: 8114M
 Large Page Support: Disabled
 NUMA Support: Disabled
 Compressed Oops: Enabled (32-bit)
 Heap Region Size: 1M
 Heap Min Capacity: 8M
 Heap Initial Capacity: 128M
 Heap Max Capacity: 2030M
 Pre-touch: Disabled
 Parallel Workers: 4
 Concurrent Workers: 1
 Concurrent Refinement Workers: 4
 Periodic GC: Disabled
Heap:
 garbage-first heap   total 551936K, used 151816K [0x0000000081200000, 0x0000000100000000)
  region size 1024K, 30 young (30720K), 30 survivors (30720K)
 Metaspace       used 68826K, committed 69376K, reserved 1114112K
  class space    used 9424K, committed 9664K, reserved 1048576K
GC Heap History (20 events):
Event: 259.700 GC heap after
{Heap after GC invocations=40 (full 1):
 garbage-first heap   total 187392K, used 66985K [0x0000000081200000, 0x0000000100000000)
  region size 1024K, 11 young (11264K), 11 survivors (11264K)
 Metaspace       used 68826K, committed 69376K, reserved 1114112K
  class space    used 9424K, committed 9664K, reserved 1048576K
}
Event: 259.819 GC heap before
{Heap before GC invocations=40 (full 1):
 garbage-first heap   total 187392K, used 154025K [0x0000000081200000, 0x0000000100000000)
  region size 1024K, 96 young (98304K), 11 survivors (11264K)
 Metaspace       used 68826K, committed 69376K, reserved 1114112K
  class space    used 9424K, committed 9664K, reserved 1048576K
}
Event: 259.832 GC heap after
{Heap after GC invocations=41 (full 1):
 garbage-first heap   total 328704K, used 69832K [0x0000000081200000, 0x0000000100000000)
  region size 1024K, 7 young (7168K), 7 survivors (7168K)
 Metaspace       used 68826K, committed 69376K, reserved 1114112K
  class space    used 9424K, committed 9664K, reserved 1048576K
}
Event: 260.774 GC heap before
{Heap before GC invocations=41 (full 1):
 garbage-first heap   total 328704K, used 259272K [0x0000000081200000, 0x0000000100000000)
  region size 1024K, 192 young (196608K), 7 survivors (7168K)
 Metaspace       used 68826K, committed 69376K, reserved 1114112K
  class space    used 9424K, committed 9664K, reserved 1048576K
}
Event: 260.788 GC heap after
{Heap after GC invocations=42 (full 1):
 garbage-first heap   total 328704K, used 75697K [0x0000000081200000, 0x0000000100000000)
  region size 1024K, 13 young (13312K), 13 survivors (13312K)
 Metaspace       used 68826K, committed 69376K, reserved 1114112K
  class space    used 9424K, committed 9664K, reserved 1048576K
}
Event: 261.381 GC heap before
{Heap before GC invocations=42 (full 1):
 garbage-first heap   total 328704K, used 261041K [0x0000000081200000, 0x0000000100000000)
  region size 1024K, 192 young (196608K), 13 survivors (13312K)
 Metaspace       used 68826K, committed 69376K, reserved 1114112K
  class space    used 9424K, committed 9664K, reserved 1048576K
}
Event: 261.427 GC heap after
{Heap after GC invocations=43 (full 1):
 garbage-first heap   total 328704K, used 84836K [0x0000000081200000, 0x0000000100000000)
  region size 1024K, 17 young (17408K), 17 survivors (17408K)
 Metaspace       used 68826K, committed 69376K, reserved 1114112K
  class space    used 9424K, committed 9664K, reserved 1048576K
}
Event: 261.732 GC heap before
{Heap before GC invocations=43 (full 1):
 garbage-first heap   total 328704K, used 264036K [0x0000000081200000, 0x0000000100000000)
  region size 1024K, 192 young (196608K), 17 survivors (17408K)
 Metaspace       used 68826K, committed 69376K, reserved 1114112K
  class space    used 9424K, committed 9664K, reserved 1048576K
}
Event: 261.754 GC heap after
{Heap after GC invocations=44 (full 1):
 garbage-first heap   total 328704K, used 90698K [0x0000000081200000, 0x0000000100000000)
  region size 1024K, 13 young (13312K), 13 survivors (13312K)
 Metaspace       used 68826K, committed 69376K, reserved 1114112K
  class space    used 9424K, committed 9664K, reserved 1048576K
}
Event: 262.015 GC heap before
{Heap before GC invocations=44 (full 1):
 garbage-first heap   total 328704K, used 273994K [0x0000000081200000, 0x0000000100000000)
  region size 1024K, 192 young (196608K), 13 survivors (13312K)
 Metaspace       used 68826K, committed 69376K, reserved 1114112K
  class space    used 9424K, committed 9664K, reserved 1048576K
}
Event: 262.033 GC heap after
{Heap after GC invocations=45 (full 1):
 garbage-first heap   total 328704K, used 96842K [0x0000000081200000, 0x0000000100000000)
  region size 1024K, 19 young (19456K), 19 survivors (19456K)
 Metaspace       used 68826K, committed 69376K, reserved 1114112K
  class space    used 9424K, committed 9664K, reserved 1048576K
}
Event: 262.532 GC heap before
{Heap before GC invocations=45 (full 1):
 garbage-first heap   total 328704K, used 276042K [0x0000000081200000, 0x0000000100000000)
  region size 1024K, 191 young (195584K), 19 survivors (19456K)
 Metaspace       used 68826K, committed 69376K, reserved 1114112K
  class space    used 9424K, committed 9664K, reserved 1048576K
}
Event: 262.563 GC heap after
{Heap after GC invocations=46 (full 1):
 garbage-first heap   total 551936K, used 105645K [0x0000000081200000, 0x0000000100000000)
  region size 1024K, 19 young (19456K), 19 survivors (19456K)
 Metaspace       used 68826K, committed 69376K, reserved 1114112K
  class space    used 9424K, committed 9664K, reserved 1048576K
}
Event: 263.118 GC heap before
{Heap before GC invocations=46 (full 1):
 garbage-first heap   total 551936K, used 416941K [0x0000000081200000, 0x0000000100000000)
  region size 1024K, 323 young (330752K), 19 survivors (19456K)
 Metaspace       used 68826K, committed 69376K, reserved 1114112K
  class space    used 9424K, committed 9664K, reserved 1048576K
}
Event: 263.149 GC heap after
{Heap after GC invocations=47 (full 1):
 garbage-first heap   total 551936K, used 115885K [0x0000000081200000, 0x0000000100000000)
  region size 1024K, 29 young (29696K), 29 survivors (29696K)
 Metaspace       used 68826K, committed 69376K, reserved 1114112K
  class space    used 9424K, committed 9664K, reserved 1048576K
}
Event: 263.651 GC heap before
{Heap before GC invocations=47 (full 1):
 garbage-first heap   total 551936K, used 416941K [0x0000000081200000, 0x0000000100000000)
  region size 1024K, 323 young (330752K), 29 survivors (29696K)
 Metaspace       used 68826K, committed 69376K, reserved 1114112K
  class space    used 9424K, committed 9664K, reserved 1048576K
}
Event: 263.690 GC heap after
{Heap after GC invocations=48 (full 1):
 garbage-first heap   total 551936K, used 126638K [0x0000000081200000, 0x0000000100000000)
  region size 1024K, 27 young (27648K), 27 survivors (27648K)
 Metaspace       used 68826K, committed 69376K, reserved 1114112K
  class space    used 9424K, committed 9664K, reserved 1048576K
}
Event: 264.139 GC heap before
{Heap before GC invocations=48 (full 1):
 garbage-first heap   total 551936K, used 433838K [0x0000000081200000, 0x0000000100000000)
  region size 1024K, 323 young (330752K), 27 survivors (27648K)
 Metaspace       used 68826K, committed 69376K, reserved 1114112K
  class space    used 9424K, committed 9664K, reserved 1048576K
}
Event: 264.180 GC heap after
{Heap after GC invocations=49 (full 1):
 garbage-first heap   total 551936K, used 141707K [0x0000000081200000, 0x0000000100000000)
  region size 1024K, 31 young (31744K), 31 survivors (31744K)
 Metaspace       used 68826K, committed 69376K, reserved 1114112K
  class space    used 9424K, committed 9664K, reserved 1048576K
}
Event: 264.638 GC heap before
{Heap before GC invocations=49 (full 1):
 garbage-first heap   total 551936K, used 440715K [0x0000000081200000, 0x0000000100000000)
  region size 1024K, 323 young (330752K), 31 survivors (31744K)
 Metaspace       used 68826K, committed 69376K, reserved 1114112K
  class space    used 9424K, committed 9664K, reserved 1048576K
}

